<?xml version="1.0" encoding="UTF-8"?>
<testng-results skipped="0" failed="0" ignored="0" total="2" passed="2">
  <reporter-output>
  </reporter-output>
  <suite name="Default suite" duration-ms="1894" started-at="2017-02-21T12:32:56Z" finished-at="2017-02-21T12:32:58Z">
    <groups>
    </groups>
    <test name="Default test" duration-ms="1894" started-at="2017-02-21T12:32:56Z" finished-at="2017-02-21T12:32:58Z">
      <class name="com.sp.com.sp.testng.BeforeAfterAnnotationsDemo">
        <test-method status="PASS" signature="beforeSuite()[pri:0, instance:com.sp.com.sp.testng.BeforeAfterAnnotationsDemo@6093dd95]" name="beforeSuite" is-config="true" duration-ms="24" started-at="2017-02-21T18:02:56Z" finished-at="2017-02-21T18:02:56Z">
          <reporter-output>
          </reporter-output>
        </test-method> <!-- beforeSuite -->
        <test-method status="PASS" signature="beforeTest()[pri:0, instance:com.sp.com.sp.testng.BeforeAfterAnnotationsDemo@6093dd95]" name="beforeTest" is-config="true" duration-ms="1" started-at="2017-02-21T18:02:56Z" finished-at="2017-02-21T18:02:56Z">
          <reporter-output>
          </reporter-output>
        </test-method> <!-- beforeTest -->
        <test-method status="PASS" signature="beforeClass()[pri:0, instance:com.sp.com.sp.testng.BeforeAfterAnnotationsDemo@6093dd95]" name="beforeClass" is-config="true" duration-ms="0" started-at="2017-02-21T18:02:56Z" finished-at="2017-02-21T18:02:56Z">
          <reporter-output>
          </reporter-output>
        </test-method> <!-- beforeClass -->
        <test-method status="PASS" signature="beforeMethod()[pri:0, instance:com.sp.com.sp.testng.BeforeAfterAnnotationsDemo@6093dd95]" name="beforeMethod" is-config="true" duration-ms="0" started-at="2017-02-21T18:02:58Z" finished-at="2017-02-21T18:02:58Z">
          <reporter-output>
          </reporter-output>
        </test-method> <!-- beforeMethod -->
        <test-method status="PASS" signature="f1()[pri:1, instance:com.sp.com.sp.testng.BeforeAfterAnnotationsDemo@6093dd95]" name="f1" duration-ms="27" started-at="2017-02-21T18:02:58Z" finished-at="2017-02-21T18:02:58Z">
          <reporter-output>
          </reporter-output>
        </test-method> <!-- f1 -->
        <test-method status="PASS" signature="afterMethod()[pri:0, instance:com.sp.com.sp.testng.BeforeAfterAnnotationsDemo@6093dd95]" name="afterMethod" is-config="true" duration-ms="1" started-at="2017-02-21T18:02:58Z" finished-at="2017-02-21T18:02:58Z">
          <reporter-output>
          </reporter-output>
        </test-method> <!-- afterMethod -->
        <test-method status="PASS" signature="beforeMethod()[pri:0, instance:com.sp.com.sp.testng.BeforeAfterAnnotationsDemo@6093dd95]" name="beforeMethod" is-config="true" duration-ms="1" started-at="2017-02-21T18:02:58Z" finished-at="2017-02-21T18:02:58Z">
          <reporter-output>
          </reporter-output>
        </test-method> <!-- beforeMethod -->
        <test-method status="PASS" signature="f2()[pri:2, instance:com.sp.com.sp.testng.BeforeAfterAnnotationsDemo@6093dd95]" name="f2" duration-ms="2" started-at="2017-02-21T18:02:58Z" finished-at="2017-02-21T18:02:58Z">
          <reporter-output>
          </reporter-output>
        </test-method> <!-- f2 -->
        <test-method status="PASS" signature="afterMethod()[pri:0, instance:com.sp.com.sp.testng.BeforeAfterAnnotationsDemo@6093dd95]" name="afterMethod" is-config="true" duration-ms="0" started-at="2017-02-21T18:02:58Z" finished-at="2017-02-21T18:02:58Z">
          <reporter-output>
          </reporter-output>
        </test-method> <!-- afterMethod -->
        <test-method status="PASS" signature="afterClass()[pri:0, instance:com.sp.com.sp.testng.BeforeAfterAnnotationsDemo@6093dd95]" name="afterClass" is-config="true" duration-ms="1" started-at="2017-02-21T18:02:58Z" finished-at="2017-02-21T18:02:58Z">
          <reporter-output>
          </reporter-output>
        </test-method> <!-- afterClass -->
        <test-method status="PASS" signature="afterTest()[pri:0, instance:com.sp.com.sp.testng.BeforeAfterAnnotationsDemo@6093dd95]" name="afterTest" is-config="true" duration-ms="0" started-at="2017-02-21T18:02:58Z" finished-at="2017-02-21T18:02:58Z">
          <reporter-output>
          </reporter-output>
        </test-method> <!-- afterTest -->
        <test-method status="PASS" signature="afterSuite()[pri:0, instance:com.sp.com.sp.testng.BeforeAfterAnnotationsDemo@6093dd95]" name="afterSuite" is-config="true" duration-ms="1" started-at="2017-02-21T18:02:58Z" finished-at="2017-02-21T18:02:58Z">
          <reporter-output>
          </reporter-output>
        </test-method> <!-- afterSuite -->
      </class> <!-- com.sp.com.sp.testng.BeforeAfterAnnotationsDemo -->
    </test> <!-- Default test -->
  </suite> <!-- Default suite -->
</testng-results>
